{
  "RSpec": {
    "coverage": {
      "/Users/shin-yenhuang/collegetrack_portal/app/models/user.rb": [
        1,
        null,
        null,
        null,
        1,
        null,
        1,
        null,
        null,
        null,
        1,
        3,
        3,
        3,
        null,
        null,
        1,
        0,
        null,
        null
      ],
      "/Users/shin-yenhuang/collegetrack_portal/app/helpers/application_helper.rb": [
        1,
        null
      ],
      "/Users/shin-yenhuang/collegetrack_portal/app/helpers/email_helper.rb": [
        1,
        null,
        1,
        0,
        0,
        null,
        null,
        null,
        1,
        0,
        0,
        0,
        0,
        0,
        0,
        null,
        0,
        0,
        0,
        null,
        null,
        null,
        null,
        null,
        1,
        null,
        null,
        null
      ],
      "/Users/shin-yenhuang/collegetrack_portal/app/controllers/admin_controller.rb": [
        1,
        1,
        1,
        null,
        null,
        1,
        1,
        1,
        1,
        null,
        null,
        1,
        1,
        1,
        1,
        null,
        null
      ],
      "/Users/shin-yenhuang/collegetrack_portal/app/controllers/application_controller.rb": [
        1,
        null,
        null,
        1,
        1,
        1,
        1,
        null,
        1,
        null,
        1,
        5,
        null,
        null
      ],
      "/Users/shin-yenhuang/collegetrack_portal/app/controllers/email_controller.rb": [
        1,
        null,
        1,
        null,
        1,
        null,
        null,
        1,
        2,
        1,
        1,
        null,
        1,
        1,
        null,
        null,
        2,
        null,
        null,
        1,
        1,
        1,
        null,
        null,
        1,
        null,
        1,
        0,
        0,
        null,
        0,
        0,
        0,
        0,
        0,
        0,
        null,
        null,
        0,
        0,
        0,
        null,
        null,
        0,
        0,
        0,
        null,
        null,
        0,
        null,
        null,
        1,
        0,
        0,
        null,
        null
      ],
      "/Users/shin-yenhuang/collegetrack_portal/app/controllers/users/omniauth_callbacks_controller.rb": [
        1,
        1,
        5,
        5,
        null,
        5,
        3,
        3,
        3,
        2,
        null,
        1,
        1,
        null,
        null,
        2,
        2,
        2,
        null,
        null,
        null,
        1,
        2,
        2,
        2,
        2,
        null,
        0,
        null,
        null,
        null,
        1,
        0,
        null,
        null,
        1,
        4,
        4,
        1,
        null,
        3,
        null,
        null,
        null,
        1,
        3,
        null,
        null,
        null,
        null,
        null,
        null
      ],
      "/Users/shin-yenhuang/collegetrack_portal/app/models/token.rb": [
        null,
        null,
        1,
        1,
        null,
        1,
        null,
        1,
        null,
        null,
        null,
        2,
        null,
        null,
        1,
        1,
        1,
        null,
        null,
        1,
        3,
        3,
        null,
        null,
        3,
        null,
        null,
        1,
        1,
        null,
        null,
        1,
        1,
        1,
        null,
        null,
        null
      ]
    },
    "timestamp": 1428112540
  },
  "Cucumber Features": {
    "coverage": {
      "/Users/shin-yenhuang/collegetrack_portal/app/models/user.rb": [
        1,
        null,
        null,
        null,
        1,
        null,
        1,
        null,
        null,
        null,
        1,
        14,
        14,
        14,
        null,
        null,
        1,
        0,
        null,
        null
      ],
      "/Users/shin-yenhuang/collegetrack_portal/app/controllers/home_controller.rb": [
        1,
        1,
        null,
        null
      ],
      "/Users/shin-yenhuang/collegetrack_portal/app/controllers/application_controller.rb": [
        1,
        null,
        null,
        1,
        1,
        1,
        1,
        null,
        1,
        null,
        1,
        14,
        null,
        null
      ],
      "/Users/shin-yenhuang/collegetrack_portal/app/helpers/application_helper.rb": [
        1,
        null
      ],
      "/Users/shin-yenhuang/collegetrack_portal/app/helpers/email_helper.rb": [
        1,
        null,
        1,
        40,
        1,
        null,
        null,
        null,
        1,
        1,
        1,
        1,
        1,
        1,
        1,
        null,
        1,
        1,
        1,
        null,
        null,
        null,
        null,
        null,
        1,
        null,
        null,
        null
      ],
      "/Users/shin-yenhuang/collegetrack_portal/app/controllers/users/omniauth_callbacks_controller.rb": [
        1,
        1,
        14,
        14,
        null,
        14,
        13,
        13,
        13,
        13,
        null,
        0,
        0,
        null,
        null,
        1,
        1,
        1,
        null,
        null,
        null,
        1,
        13,
        13,
        13,
        13,
        null,
        0,
        null,
        null,
        null,
        1,
        0,
        null,
        null,
        1,
        14,
        14,
        5,
        null,
        9,
        null,
        null,
        null,
        1,
        13,
        null,
        null,
        null,
        null,
        null,
        null
      ],
      "/Users/shin-yenhuang/collegetrack_portal/app/models/token.rb": [
        null,
        null,
        1,
        1,
        null,
        1,
        null,
        1,
        null,
        null,
        null,
        0,
        null,
        null,
        1,
        0,
        0,
        null,
        null,
        1,
        0,
        0,
        null,
        null,
        0,
        null,
        null,
        1,
        1,
        null,
        null,
        1,
        1,
        1,
        null,
        null,
        null
      ],
      "/Users/shin-yenhuang/collegetrack_portal/app/controllers/email_controller.rb": [
        1,
        null,
        1,
        null,
        1,
        null,
        null,
        1,
        2,
        1,
        1,
        null,
        1,
        1,
        null,
        null,
        2,
        null,
        null,
        1,
        1,
        1,
        null,
        null,
        1,
        null,
        1,
        76,
        164,
        null,
        57,
        57,
        57,
        57,
        129,
        24,
        null,
        null,
        57,
        33,
        293,
        null,
        null,
        57,
        152,
        99,
        null,
        null,
        57,
        null,
        null,
        1,
        19,
        19,
        null,
        null
      ],
      "/Users/shin-yenhuang/collegetrack_portal/app/controllers/admin_controller.rb": [
        1,
        1,
        5,
        null,
        null,
        1,
        1,
        1,
        1,
        null,
        null,
        1,
        1,
        1,
        1,
        null,
        null
      ]
    },
    "timestamp": 1428112600
  }
}
