{
  "Cucumber Features": {
    "coverage": {
      "/cygdrive/c/Users/forgottn/Desktop/CS/169/collegetrack_portal/app/models/user.rb": [
        1,
        null,
        null,
        1,
        null,
        null,
        null,
        1,
        0,
        0,
        0,
        null,
        null
      ]
    },
    "timestamp": 1426743105
  },
  "RSpec": {
    "coverage": {
      "/cygdrive/c/Users/forgottn/Desktop/CS/169/collegetrack_portal/app/models/user.rb": [
        1,
        null,
        null,
        1,
        null,
        null,
        null,
        1,
        3,
        3,
        3,
        null,
        null
      ],
      "/cygdrive/c/Users/forgottn/Desktop/CS/169/collegetrack_portal/app/helpers/application_helper.rb": [
        1,
        null
      ],
      "/cygdrive/c/Users/forgottn/Desktop/CS/169/collegetrack_portal/app/helpers/email_helper.rb": [
        1,
        null
      ],
      "/cygdrive/c/Users/forgottn/Desktop/CS/169/collegetrack_portal/app/controllers/users/omniauth_callbacks_controller.rb": [
        1,
        1,
        5,
        null,
        5,
        3,
        3,
        2,
        null,
        1,
        1,
        null,
        null,
        2,
        2,
        2,
        null,
        null,
        null,
        1,
        2,
        2,
        2,
        2,
        null,
        0,
        null,
        null,
        null,
        1,
        0,
        null,
        null,
        1,
        4,
        4,
        1,
        null,
        3,
        null,
        null,
        null
      ],
      "/cygdrive/c/Users/forgottn/Desktop/CS/169/collegetrack_portal/app/controllers/application_controller.rb": [
        1,
        null,
        null,
        1,
        null
      ]
    },
    "timestamp": 1426747602
  }
}
